<?xml version="1.0" encoding="UTF-8"?>
<!-- Generated by org.testng.reporters.JUnitXMLReporter -->
<testsuite ignored="0" hostname="RavinPC" failures="0" tests="6" name="Default test" time="11.922" errors="0" timestamp="2025-07-23T09:20:24 IST">
  <testcase classname="api.tests.DataDrivenUserTest" name="testPostUser" time="3.718"/>
  <testcase classname="api.tests.DataDrivenUserTest" name="testPostUser" time="1.316"/>
  <testcase classname="api.tests.DataDrivenUserTest" name="testPostUser" time="1.315"/>
  <testcase classname="api.tests.DataDrivenUserTest" name="testDeleteUser" time="1.433"/>
  <testcase classname="api.tests.DataDrivenUserTest" name="testDeleteUser" time="1.164"/>
  <testcase classname="api.tests.DataDrivenUserTest" name="testDeleteUser" time="1.288"/>
</testsuite> <!-- Default test -->
