<?xml version="1.0" encoding="UTF-8"?>
<testng-results ignored="0" total="10" passed="10" failed="0" skipped="0">
  <reporter-output>
  </reporter-output>
  <suite started-at="2025-07-24T09:53:11 IST" name="PetSuite" finished-at="2025-07-24T09:53:30 IST" duration-ms="19735">
    <groups>
    </groups>
    <test started-at="2025-07-24T09:53:11 IST" name="PetTest" finished-at="2025-07-24T09:53:30 IST" duration-ms="19735">
      <class name="api.tests.UserTest">
        <test-method is-config="true" signature="setupData()[pri:0, instance:api.tests.UserTest@52bf72b5]" started-at="2025-07-24T09:53:23 IST" name="setupData" finished-at="2025-07-24T09:53:24 IST" duration-ms="279" status="PASS">
          <reporter-output>
          </reporter-output>
        </test-method> <!-- setupData -->
        <test-method signature="testPostUserByName()[pri:1, instance:api.tests.UserTest@52bf72b5]" started-at="2025-07-24T09:53:24 IST" name="testPostUserByName" finished-at="2025-07-24T09:53:25 IST" duration-ms="1470" status="PASS">
          <reporter-output>
          </reporter-output>
        </test-method> <!-- testPostUserByName -->
        <test-method signature="getUser()[pri:2, instance:api.tests.UserTest@52bf72b5]" started-at="2025-07-24T09:53:25 IST" name="getUser" finished-at="2025-07-24T09:53:26 IST" duration-ms="1445" status="PASS">
          <reporter-output>
          </reporter-output>
        </test-method> <!-- getUser -->
        <test-method signature="updateUserByName()[pri:3, instance:api.tests.UserTest@52bf72b5]" started-at="2025-07-24T09:53:26 IST" name="updateUserByName" finished-at="2025-07-24T09:53:29 IST" duration-ms="2675" status="PASS">
          <reporter-output>
          </reporter-output>
        </test-method> <!-- updateUserByName -->
        <test-method signature="deleteUserByName()[pri:4, instance:api.tests.UserTest@52bf72b5]" started-at="2025-07-24T09:53:29 IST" name="deleteUserByName" finished-at="2025-07-24T09:53:30 IST" duration-ms="1309" status="PASS">
          <reporter-output>
          </reporter-output>
        </test-method> <!-- deleteUserByName -->
      </class> <!-- api.tests.UserTest -->
      <class name="api.tests.DataDrivenUserTest">
        <test-method signature="testPostUser(java.lang.String,java.lang.String,java.lang.String,java.lang.String,java.lang.String,java.lang.String,java.lang.String)[pri:1, instance:api.tests.DataDrivenUserTest@1ab3a8c8]" started-at="2025-07-24T09:53:13 IST" name="testPostUser" data-provider="Userdata" finished-at="2025-07-24T09:53:16 IST" duration-ms="3329" status="PASS">
          <params>
            <param index="0">
              <value>
                <![CDATA[25689]]>
              </value>
            </param>
            <param index="1">
              <value>
                <![CDATA[testuser1]]>
              </value>
            </param>
            <param index="2">
              <value>
                <![CDATA[Kumar]]>
              </value>
            </param>
            <param index="3">
              <value>
                <![CDATA[Pavan]]>
              </value>
            </param>
            <param index="4">
              <value>
                <![CDATA[kumar@yopmail.com]]>
              </value>
            </param>
            <param index="5">
              <value>
                <![CDATA[Test123]]>
              </value>
            </param>
            <param index="6">
              <value>
                <![CDATA[9876543210]]>
              </value>
            </param>
          </params>
          <reporter-output>
          </reporter-output>
        </test-method> <!-- testPostUser -->
        <test-method signature="testPostUser(java.lang.String,java.lang.String,java.lang.String,java.lang.String,java.lang.String,java.lang.String,java.lang.String)[pri:1, instance:api.tests.DataDrivenUserTest@1ab3a8c8]" started-at="2025-07-24T09:53:16 IST" name="testPostUser" data-provider="Userdata" finished-at="2025-07-24T09:53:18 IST" duration-ms="1317" status="PASS">
          <params>
            <param index="0">
              <value>
                <![CDATA[25690]]>
              </value>
            </param>
            <param index="1">
              <value>
                <![CDATA[testuser2]]>
              </value>
            </param>
            <param index="2">
              <value>
                <![CDATA[Arun]]>
              </value>
            </param>
            <param index="3">
              <value>
                <![CDATA[Lok]]>
              </value>
            </param>
            <param index="4">
              <value>
                <![CDATA[arun@yopmail.com]]>
              </value>
            </param>
            <param index="5">
              <value>
                <![CDATA[Test123]]>
              </value>
            </param>
            <param index="6">
              <value>
                <![CDATA[8974561230]]>
              </value>
            </param>
          </params>
          <reporter-output>
          </reporter-output>
        </test-method> <!-- testPostUser -->
        <test-method signature="testPostUser(java.lang.String,java.lang.String,java.lang.String,java.lang.String,java.lang.String,java.lang.String,java.lang.String)[pri:1, instance:api.tests.DataDrivenUserTest@1ab3a8c8]" started-at="2025-07-24T09:53:18 IST" name="testPostUser" data-provider="Userdata" finished-at="2025-07-24T09:53:19 IST" duration-ms="1308" status="PASS">
          <params>
            <param index="0">
              <value>
                <![CDATA[25691]]>
              </value>
            </param>
            <param index="1">
              <value>
                <![CDATA[testuser3]]>
              </value>
            </param>
            <param index="2">
              <value>
                <![CDATA[Pugazh]]>
              </value>
            </param>
            <param index="3">
              <value>
                <![CDATA[K]]>
              </value>
            </param>
            <param index="4">
              <value>
                <![CDATA[Pugzzh@yopmail.com]]>
              </value>
            </param>
            <param index="5">
              <value>
                <![CDATA[Test123]]>
              </value>
            </param>
            <param index="6">
              <value>
                <![CDATA[7845691230]]>
              </value>
            </param>
          </params>
          <reporter-output>
          </reporter-output>
        </test-method> <!-- testPostUser -->
        <test-method signature="testDeleteUser(java.lang.String)[pri:2, instance:api.tests.DataDrivenUserTest@1ab3a8c8]" started-at="2025-07-24T09:53:19 IST" name="testDeleteUser" data-provider="Usernames" finished-at="2025-07-24T09:53:21 IST" duration-ms="1401" status="PASS">
          <params>
            <param index="0">
              <value>
                <![CDATA[testuser1]]>
              </value>
            </param>
          </params>
          <reporter-output>
          </reporter-output>
        </test-method> <!-- testDeleteUser -->
        <test-method signature="testDeleteUser(java.lang.String)[pri:2, instance:api.tests.DataDrivenUserTest@1ab3a8c8]" started-at="2025-07-24T09:53:21 IST" name="testDeleteUser" data-provider="Usernames" finished-at="2025-07-24T09:53:22 IST" duration-ms="1389" status="PASS">
          <params>
            <param index="0">
              <value>
                <![CDATA[testuser2]]>
              </value>
            </param>
          </params>
          <reporter-output>
          </reporter-output>
        </test-method> <!-- testDeleteUser -->
        <test-method signature="testDeleteUser(java.lang.String)[pri:2, instance:api.tests.DataDrivenUserTest@1ab3a8c8]" started-at="2025-07-24T09:53:22 IST" name="testDeleteUser" data-provider="Usernames" finished-at="2025-07-24T09:53:23 IST" duration-ms="1221" status="PASS">
          <params>
            <param index="0">
              <value>
                <![CDATA[testuser3]]>
              </value>
            </param>
          </params>
          <reporter-output>
          </reporter-output>
        </test-method> <!-- testDeleteUser -->
      </class> <!-- api.tests.DataDrivenUserTest -->
    </test> <!-- PetTest -->
  </suite> <!-- PetSuite -->
</testng-results>
