<?xml version="1.0" encoding="UTF-8"?>
<!-- Generated by org.testng.reporters.JUnitXMLReporter -->
<testsuite ignored="0" hostname="RavinPC" failures="0" tests="10" name="PetTest" time="19.735" errors="0" timestamp="2025-07-24T09:53:31 IST">
  <testcase classname="api.tests.DataDrivenUserTest" name="testPostUser" time="3.329"/>
  <testcase classname="api.tests.DataDrivenUserTest" name="testPostUser" time="1.317"/>
  <testcase classname="api.tests.DataDrivenUserTest" name="testPostUser" time="1.308"/>
  <testcase classname="api.tests.DataDrivenUserTest" name="testDeleteUser" time="1.401"/>
  <testcase classname="api.tests.DataDrivenUserTest" name="testDeleteUser" time="1.389"/>
  <testcase classname="api.tests.DataDrivenUserTest" name="testDeleteUser" time="1.221"/>
  <testcase classname="api.tests.UserTest" name="testPostUserByName" time="1.47"/>
  <testcase classname="api.tests.UserTest" name="getUser" time="1.445"/>
  <testcase classname="api.tests.UserTest" name="updateUserByName" time="2.675"/>
  <testcase classname="api.tests.UserTest" name="deleteUserByName" time="1.309"/>
</testsuite> <!-- PetTest -->
